Test 1
Test (2A): initial election ...
  ... Passed --   3.1  3  186   53680    0
Test (2A): election after network failure ...
  ... Passed --   4.5  3  418   91508    0
Test (2A): multiple elections ...
  ... Passed --   5.5  7 2385  547478    0
Test (2B): basic agreement ...
  ... Passed --   0.3  3   16    4502    3
Test (2B): RPC byte count ...
  ... Passed --   0.8  3   48  114402   11
Test (2B): agreement after follower reconnects ...
  ... Passed --   3.0  3  268   73963    7
Test (2B): no agreement if too many followers disconnect ...
  ... Passed --   3.2  5  596  133112    4
Test (2B): concurrent Start()s ...
  ... Passed --   0.6  3   34    9770    6
Test (2B): rejoin of partitioned leader ...
  ... Passed --   5.4  3  500  126753    4
Test (2B): leader backs up quickly over incorrect follower logs ...
  ... Passed --  10.9  5 2795 2198653  102
Test (2B): RPC counts aren't too high ...
--- FAIL: TestCount2B (2.08s)
    test_test.go:671: too many RPCs (62) for 1 second of idleness
Test (2C): basic persistence ...
  ... Passed --   2.4  3  150   41916    6
Test (2C): more persistence ...
  ... Passed --  15.9  5 2671  599083   17
Test (2C): partitioned leader and one follower crash, leader restarts ...
  ... Passed --   1.0  3   60   16320    4
Test (2C): Figure 8 ...
  ... Passed --  26.3  5 2956  649585   53
Test (2C): unreliable agreement ...
  ... Passed --   4.1  5  648  196324  251
Test (2C): Figure 8 (unreliable) ...
  ... Passed --  37.1  5 10937 25821015  254
Test (2C): churn ...
  ... Passed --  16.1  5 2896 2823808  787
Test (2C): unreliable churn ...
  ... Passed --  16.2  5 2268  857342  110
Test (2D): snapshots basic ...
  ... Passed --   2.6  3  160   56408  222
Test (2D): install snapshots (disconnect) ...
  ... Passed --  47.9  3 4652 1589057  390
Test (2D): install snapshots (disconnect+unreliable) ...
  ... Passed --  71.7  3 7233 2202585  321
Test (2D): install snapshots (crash) ...
  ... Passed --  22.7  3 1401  596325  351
Test (2D): install snapshots (unreliable+crash) ...
  ... Passed --  41.2  3 2794  933283  349
Test (2D): crash and restart all servers ...
  ... Passed --   4.7  3  277   82360   62
FAIL
exit status 1
FAIL	6.824/raft	349.442s
Test 2
Test (2A): initial election ...
  ... Passed --   3.1  3  184   52732    0
Test (2A): election after network failure ...
  ... Passed --   4.5  3  416   91534    0
Test (2A): multiple elections ...
  ... Passed --   5.3  7 3040  672550    0
Test (2B): basic agreement ...
  ... Passed --   0.3  3   16    4534    3
Test (2B): RPC byte count ...
  ... Passed --   0.8  3   50  114620   11
Test (2B): agreement after follower reconnects ...
  ... Passed --   5.1  3  514  145775    8
Test (2B): no agreement if too many followers disconnect ...
  ... Passed --   3.3  5  544  117230    4
Test (2B): concurrent Start()s ...
  ... Passed --   0.5  3   30    8622    6
Test (2B): rejoin of partitioned leader ...
  ... Passed --   5.5  3  505  127767    4
Test (2B): leader backs up quickly over incorrect follower logs ...
  ... Passed --  12.8  5 3024 2265315  102
Test (2B): RPC counts aren't too high ...
--- FAIL: TestCount2B (2.15s)
    test_test.go:671: too many RPCs (62) for 1 second of idleness
Test (2C): basic persistence ...
  ... Passed --   2.7  3  172   45344    6
Test (2C): more persistence ...
  ... Passed --  13.7  5 2380  519084   16
Test (2C): partitioned leader and one follower crash, leader restarts ...
  ... Passed --   1.0  3   56   15248    4
Test (2C): Figure 8 ...
  ... Passed --  28.9  5 3156  696955   51
Test (2C): unreliable agreement ...
  ... Passed --   2.2  5  276   92080  246
Test (2C): Figure 8 (unreliable) ...
  ... Passed --  36.1  5 9476 12244274  438
Test (2C): churn ...
  ... Passed --  16.4  5 2255 7300877 1132
Test (2C): unreliable churn ...
  ... Passed --  16.2  5 2875 2045912  609
Test (2D): snapshots basic ...
  ... Passed --   2.6  3  162   55971  212
Test (2D): install snapshots (disconnect) ...
  ... Passed --  47.5  3 4321 1422852  339
Test (2D): install snapshots (disconnect+unreliable) ...
  ... Passed --  72.7  3 8188 2540129  338
Test (2D): install snapshots (crash) ...
  ... Passed --  22.6  3 1394  554526  328
Test (2D): install snapshots (unreliable+crash) ...
  ... Passed --  35.5  3 2402  842778  315
Test (2D): crash and restart all servers ...
  ... Passed --   4.5  3  264   78974   60
FAIL
exit status 1
FAIL	6.824/raft	345.985s
Test 3
Test (2A): initial election ...
  ... Passed --   3.0  3  184   52214    0
Test (2A): election after network failure ...
  ... Passed --   4.5  3  374   79426    0
Test (2A): multiple elections ...
  ... Passed --   5.4  7 2517  557242    0
Test (2B): basic agreement ...
  ... Passed --   0.3  3   16    4502    3
Test (2B): RPC byte count ...
  ... Passed --   0.8  3   48  114402   11
Test (2B): agreement after follower reconnects ...
  ... Passed --   3.1  3  268   73421    7
Test (2B): no agreement if too many followers disconnect ...
  ... Passed --   3.1  5  592  132238    4
Test (2B): concurrent Start()s ...
  ... Passed --   0.6  3   34    9770    6
Test (2B): rejoin of partitioned leader ...
  ... Passed --   5.6  3  514  130735    5
Test (2B): leader backs up quickly over incorrect follower logs ...
  ... Passed --  12.9  5 3043 2278240  102
Test (2B): RPC counts aren't too high ...
--- FAIL: TestCount2B (2.08s)
    test_test.go:671: too many RPCs (62) for 1 second of idleness
Test (2C): basic persistence ...
  ... Passed --   2.2  3  140   38946    6
Test (2C): more persistence ...
  ... Passed --  19.6  5 3577  860077   18
Test (2C): partitioned leader and one follower crash, leader restarts ...
  ... Passed --   1.0  3   58   15932    4
Test (2C): Figure 8 ...
  ... Passed --  34.2  5 3928  896236   65
Test (2C): unreliable agreement ...
  ... Passed --   5.8  5  996  297544  256
Test (2C): Figure 8 (unreliable) ...
  ... Passed --  32.4  5 12184 37351555  117
Test (2C): churn ...
  ... Passed --  16.4  5 3368 10391704 1268
Test (2C): unreliable churn ...
  ... Passed --  16.1  5 3008 1832062  628
Test (2D): snapshots basic ...
  ... Passed --   2.6  3  160   56066  214
Test (2D): install snapshots (disconnect) ...
  ... Passed --  62.0  3 6056 1974069  346
Test (2D): install snapshots (disconnect+unreliable) ...
  ... Passed --  66.0  3 6416 1951334  308
Test (2D): install snapshots (crash) ...
  ... Passed --  22.9  3 1400  543271  336
Test (2D): install snapshots (unreliable+crash) ...
  ... Passed --  34.5  3 2160  750459  309
Test (2D): crash and restart all servers ...
  ... Passed --   4.9  3  290   86614   66
FAIL
exit status 1
FAIL	6.824/raft	362.178s
Test 4
Test (2A): initial election ...
  ... Passed --   3.0  3  182   52520    0
Test (2A): election after network failure ...
  ... Passed --   4.5  3  629  137756    0
Test (2A): multiple elections ...
  ... Passed --   5.4  7 2699  600792    0
Test (2B): basic agreement ...
  ... Passed --   0.3  3   16    4534    3
Test (2B): RPC byte count ...
  ... Passed --   0.8  3   48  114402   11
Test (2B): agreement after follower reconnects ...
  ... Passed --   5.0  3  510  145340    8
Test (2B): no agreement if too many followers disconnect ...
  ... Passed --   3.1  5  584  130536    4
Test (2B): concurrent Start()s ...
  ... Passed --   0.6  3   34    9714    6
Test (2B): rejoin of partitioned leader ...
  ... Passed --   5.5  3  498  126930    4
Test (2B): leader backs up quickly over incorrect follower logs ...
  ... Passed --  12.9  5 3043 2274604  103
Test (2B): RPC counts aren't too high ...
--- FAIL: TestCount2B (2.06s)
    test_test.go:671: too many RPCs (62) for 1 second of idleness
Test (2C): basic persistence ...
  ... Passed --   2.2  3  142   39244    6
Test (2C): more persistence ...
  ... Passed --  15.8  5 2628  590352   16
Test (2C): partitioned leader and one follower crash, leader restarts ...
  ... Passed --   1.0  3   58   15932    4
Test (2C): Figure 8 ...
  ... Passed --  31.1  5 3440  765660   59
Test (2C): unreliable agreement ...
  ... Passed --   6.2  5 1056  319244  252
Test (2C): Figure 8 (unreliable) ...
  ... Passed --  41.1  5 11740 13800365  368
Test (2C): churn ...
  ... Passed --  16.4  5 2572 2259571  913
Test (2C): unreliable churn ...
  ... Passed --  16.1  5 3316 2330961  673
Test (2D): snapshots basic ...
  ... Passed --   2.6  3  161   59323  211
Test (2D): install snapshots (disconnect) ...
  ... Passed --  61.7  3 6489 2140888  409
Test (2D): install snapshots (disconnect+unreliable) ...
  ... Passed --  56.5  3 5194 1611209  330
Test (2D): install snapshots (crash) ...
  ... Passed --  22.5  3 1388  591053  344
Test (2D): install snapshots (unreliable+crash) ...
  ... Passed --  35.0  3 2119  767651  342
Test (2D): crash and restart all servers ...
  ... Passed --   4.1  3  242   71770   53
FAIL
exit status 1
FAIL	6.824/raft	355.480s
Test 5
Test (2A): initial election ...
  ... Passed --   3.0  3  180   51580    0
Test (2A): election after network failure ...
  ... Passed --   4.5  3  380   80846    0
Test (2A): multiple elections ...
  ... Passed --   5.7  7 2571  575056    0
Test (2B): basic agreement ...
  ... Passed --   0.3  3   16    4534    3
Test (2B): RPC byte count ...
  ... Passed --   0.8  3   48  114306   11
Test (2B): agreement after follower reconnects ...
  ... Passed --   3.1  3  272   74315    7
Test (2B): no agreement if too many followers disconnect ...
  ... Passed --   3.3  5  544  119106    3
Test (2B): concurrent Start()s ...
  ... Passed --   0.6  3   34    9702    6
Test (2B): rejoin of partitioned leader ...
  ... Passed --   5.5  3  500  127373    4
Test (2B): leader backs up quickly over incorrect follower logs ...
  ... Passed --  12.9  5 3275 2338712  102
Test (2B): RPC counts aren't too high ...
  ... Passed --   2.1  3  126   36797   12
Test (2C): basic persistence ...
  ... Passed --   2.3  3  146   40366    6
Test (2C): more persistence ...
  ... Passed --  13.5  5 2357  512262   16
Test (2C): partitioned leader and one follower crash, leader restarts ...
  ... Passed --   0.9  3   56   15344    4
Test (2C): Figure 8 ...
  ... Passed --  29.3  5 3260  718394   54
Test (2C): unreliable agreement ...
  ... Passed --   8.2  5 1056  305523  261
Test (2C): Figure 8 (unreliable) ...
  ... Passed --  31.7  5 8524 11222881  244
Test (2C): churn ...
  ... Passed --  16.1  5 5047 6332751  294
Test (2C): unreliable churn ...
  ... Passed --  16.1  5 1112  351708  122
Test (2D): snapshots basic ...
  ... Passed --   2.6  3  156   55032  225
Test (2D): install snapshots (disconnect) ...
  ... Passed --  63.7  3 6233 2049114  385
Test (2D): install snapshots (disconnect+unreliable) ...
  ... Passed --  70.6  3 7535 2257653  345
Test (2D): install snapshots (crash) ...
  ... Passed --  22.1  3 1362  525025  300
Test (2D): install snapshots (unreliable+crash) ...
  ... Passed --  35.4  3 2408  838756  324
Test (2D): crash and restart all servers ...
  ... Passed --   3.5  3  204   60042   44
PASS
ok  	6.824/raft	357.836s
Test 6
Test (2A): initial election ...
  ... Passed --   3.1  3  187   53880    0
Test (2A): election after network failure ...
  ... Passed --   4.6  3  564  120796    0
Test (2A): multiple elections ...
  ... Passed --   5.5  7 2413  543988    0
Test (2B): basic agreement ...
  ... Passed --   0.3  3   16    4534    3
Test (2B): RPC byte count ...
  ... Passed --   0.9  3   54  115346   11
Test (2B): agreement after follower reconnects ...
  ... Passed --   5.0  3  510  145563    8
Test (2B): no agreement if too many followers disconnect ...
  ... Passed --   3.2  5  604  135480    4
Test (2B): concurrent Start()s ...
  ... Passed --   0.5  3   32    8924    6
Test (2B): rejoin of partitioned leader ...
  ... Passed --   5.6  3  514  130083    4
Test (2B): leader backs up quickly over incorrect follower logs ...
  ... Passed --  12.8  5 3269 2339695  103
Test (2B): RPC counts aren't too high ...
  ... Passed --   2.1  3  124   36467   12
Test (2C): basic persistence ...
  ... Passed --   2.3  3  146   40436    6
Test (2C): more persistence ...
  ... Passed --  19.5  5 3071  726796   18
Test (2C): partitioned leader and one follower crash, leader restarts ...
  ... Passed --   1.0  3   56   15344    4
Test (2C): Figure 8 ...
  ... Passed --  29.0  5 3197  704434   56
Test (2C): unreliable agreement ...
  ... Passed --   4.2  5  568  167384  251
Test (2C): Figure 8 (unreliable) ...
  ... Passed --  39.3  5 10832 10341849  108
Test (2C): churn ...
  ... Passed --  16.1  5 3588 3055499  759
Test (2C): unreliable churn ...
  ... Passed --  16.1  5 2972 2622508  799
Test (2D): snapshots basic ...
  ... Passed --   2.6  3  156   55436  235
Test (2D): install snapshots (disconnect) ...
  ... Passed --  48.2  3 5080 1626631  322
Test (2D): install snapshots (disconnect+unreliable) ...
