Test 1
Test: InstallSnapshot RPC (3B) ...
labgob warning: Decoding into a non-default variable/field Err may not work
  ... Passed --   3.2  3  2075   63
Test: snapshot size is reasonable (3B) ...
  ... Passed --  26.2  3  4196  800
Test: ops complete fast enough (3B) ...
  ... Passed --  32.6  3  4728    0
Test: restarts, snapshots, one client (3B) ...
  ... Passed --  19.0  5  8049  463
Test: restarts, snapshots, many clients (3B) ...
  ... Passed --  20.3  5 41581 9241
Test: unreliable net, snapshots, many clients (3B) ...
  ... Passed --  15.6  5  6885 1382
Test: unreliable net, restarts, snapshots, many clients (3B) ...
  ... Passed --  21.2  5  6270 1181
Test: unreliable net, restarts, partitions, snapshots, many clients (3B) ...
  ... Passed --  27.4  5  7241 1029
Test: unreliable net, restarts, partitions, snapshots, random keys, many clients (3B) ...
  ... Passed --  31.9  7 17706 2317
PASS
ok  	6.824/kvraft	197.339s
Test 2
Test: InstallSnapshot RPC (3B) ...
labgob warning: Decoding into a non-default variable/field Err may not work
  ... Passed --   4.6  3  2114   63
Test: snapshot size is reasonable (3B) ...
  ... Passed --  26.0  3  4194  800
Test: ops complete fast enough (3B) ...
  ... Passed --  33.2  3  4866    0
Test: restarts, snapshots, one client (3B) ...
  ... Passed --  18.4  5  8075  463
Test: restarts, snapshots, many clients (3B) ...
  ... Passed --  20.3  5 43030 9257
Test: unreliable net, snapshots, many clients (3B) ...
  ... Passed --  16.1  5  6899 1342
Test: unreliable net, restarts, snapshots, many clients (3B) ...
  ... Passed --  20.7  5  7032 1242
Test: unreliable net, restarts, partitions, snapshots, many clients (3B) ...
  ... Passed --  26.9  5  6676  904
Test: unreliable net, restarts, partitions, snapshots, random keys, many clients (3B) ...
  ... Passed --  30.1  7 14691 1817
PASS
ok  	6.824/kvraft	196.300s
Test 3
Test: InstallSnapshot RPC (3B) ...
labgob warning: Decoding into a non-default variable/field Err may not work
  ... Passed --   4.0  3  2074   63
Test: snapshot size is reasonable (3B) ...
  ... Passed --  26.1  3  4162  800
Test: ops complete fast enough (3B) ...
  ... Passed --  32.6  3  4837    0
Test: restarts, snapshots, one client (3B) ...
  ... Passed --  18.5  5  8472  464
Test: restarts, snapshots, many clients (3B) ...
  ... Passed --  21.0  5 41702 9249
Test: unreliable net, snapshots, many clients (3B) ...
  ... Passed --  16.8  5  5626 1181
Test: unreliable net, restarts, snapshots, many clients (3B) ...
  ... Passed --  20.5  5  5640 1032
Test: unreliable net, restarts, partitions, snapshots, many clients (3B) ...
  ... Passed --  27.2  5  6136  840
Test: unreliable net, restarts, partitions, snapshots, random keys, many clients (3B) ...
  ... Passed --  30.4  7 17316 2342
PASS
ok  	6.824/kvraft	197.078s
Test 4
Test: InstallSnapshot RPC (3B) ...
labgob warning: Decoding into a non-default variable/field Err may not work
  ... Passed --   3.0  3  1804   63
Test: snapshot size is reasonable (3B) ...
  ... Passed --  26.2  3  4262  800
Test: ops complete fast enough (3B) ...
  ... Passed --  32.7  3  4594    0
Test: restarts, snapshots, one client (3B) ...
  ... Passed --  18.4  5  6803  465
Test: restarts, snapshots, many clients (3B) ...
  ... Passed --  20.8  5 43624 9223
Test: unreliable net, snapshots, many clients (3B) ...
  ... Passed --  17.9  5  5774 1183
Test: unreliable net, restarts, snapshots, many clients (3B) ...
  ... Passed --  19.9  5  5778 1078
Test: unreliable net, restarts, partitions, snapshots, many clients (3B) ...
  ... Passed --  27.8  5  6506  771
Test: unreliable net, restarts, partitions, snapshots, random keys, many clients (3B) ...
  ... Passed --  30.3  7 18941 2805
PASS
ok  	6.824/kvraft	197.064s
Test 5
Test: InstallSnapshot RPC (3B) ...
labgob warning: Decoding into a non-default variable/field Err may not work
  ... Passed --   4.7  3  2390   63
Test: snapshot size is reasonable (3B) ...
  ... Passed --  26.0  3  4179  800
Test: ops complete fast enough (3B) ...
  ... Passed --  32.7  3  4657    0
Test: restarts, snapshots, one client (3B) ...
  ... Passed --  18.5  5  7049  462
Test: restarts, snapshots, many clients (3B) ...
  ... Passed --  20.3  5 40488 9254
Test: unreliable net, snapshots, many clients (3B) ...
  ... Passed --  15.9  5  6439 1272
Test: unreliable net, restarts, snapshots, many clients (3B) ...
  ... Passed --  19.7  5  5629 1109
Test: unreliable net, restarts, partitions, snapshots, many clients (3B) ...
  ... Passed --  26.8  5  6191  541
Test: unreliable net, restarts, partitions, snapshots, random keys, many clients (3B) ...
  ... Passed --  31.9  7 18415 2454
PASS
ok  	6.824/kvraft	196.555s
Test 6
Test: InstallSnapshot RPC (3B) ...
labgob warning: Decoding into a non-default variable/field Err may not work
  ... Passed --   3.0  3  1926   63
Test: snapshot size is reasonable (3B) ...
  ... Passed --  26.0  3  4063  800
Test: ops complete fast enough (3B) ...
  ... Passed --  32.7  3  4791    0
Test: restarts, snapshots, one client (3B) ...
  ... Passed --  18.4  5  6722  463
Test: restarts, snapshots, many clients (3B) ...
  ... Passed --  20.3  5 42163 9241
Test: unreliable net, snapshots, many clients (3B) ...
  ... Passed --  16.5  5  6541 1297
Test: unreliable net, restarts, snapshots, many clients (3B) ...
  ... Passed --  21.9  5  6618 1161
Test: unreliable net, restarts, partitions, snapshots, many clients (3B) ...
  ... Passed --  27.8  5  6528  817
Test: unreliable net, restarts, partitions, snapshots, random keys, many clients (3B) ...
  ... Passed --  30.8  7 17442 2318
PASS
ok  	6.824/kvraft	197.322s
Test 7
Test: InstallSnapshot RPC (3B) ...
labgob warning: Decoding into a non-default variable/field Err may not work
  ... Passed --   3.8  3  2057   63
Test: snapshot size is reasonable (3B) ...
  ... Passed --  26.1  3  4107  800
Test: ops complete fast enough (3B) ...
  ... Passed --  32.7  3  4601    0
Test: restarts, snapshots, one client (3B) ...
  ... Passed --  18.5  5  8457  462
Test: restarts, snapshots, many clients (3B) ...
  ... Passed --  20.3  5 41789 9250
Test: unreliable net, snapshots, many clients (3B) ...
  ... Passed --  15.8  5  6474 1367
Test: unreliable net, restarts, snapshots, many clients (3B) ...
  ... Passed --  20.3  5  5648 1073
Test: unreliable net, restarts, partitions, snapshots, many clients (3B) ...
  ... Passed --  26.8  5  6550 1057
Test: unreliable net, restarts, partitions, snapshots, random keys, many clients (3B) ...
  ... Passed --  30.3  7 15158 2108
PASS
ok  	6.824/kvraft	194.502s
Test 8
Test: InstallSnapshot RPC (3B) ...
labgob warning: Decoding into a non-default variable/field Err may not work
  ... Passed --   4.1  3  2429   63
Test: snapshot size is reasonable (3B) ...
  ... Passed --  26.1  3  3994  800
Test: ops complete fast enough (3B) ...
  ... Passed --  33.3  3  5036    0
Test: restarts, snapshots, one client (3B) ...
  ... Passed --  18.4  5  8687  450
Test: restarts, snapshots, many clients (3B) ...
  ... Passed --  20.4  5 50338 9254
Test: unreliable net, snapshots, many clients (3B) ...
  ... Passed --  15.8  5  6993 1400
Test: unreliable net, restarts, snapshots, many clients (3B) ...
  ... Passed --  20.1  5  6058 1199
Test: unreliable net, restarts, partitions, snapshots, many clients (3B) ...
  ... Passed --  27.9  5  6442  815
Test: unreliable net, restarts, partitions, snapshots, random keys, many clients (3B) ...
  ... Passed --  28.6  7 16589 2152
PASS
ok  	6.824/kvraft	194.750s
Test 9
Test: InstallSnapshot RPC (3B) ...
labgob warning: Decoding into a non-default variable/field Err may not work
  ... Passed --   4.1  3  2043   63
Test: snapshot size is reasonable (3B) ...
  ... Passed --  26.2  3  4000  800
Test: ops complete fast enough (3B) ...
  ... Passed --  32.7  3  4818    0
Test: restarts, snapshots, one client (3B) ...
  ... Passed --  18.5  5  6719  465
Test: restarts, snapshots, many clients (3B) ...
  ... Passed --  20.2  5 43397 9248
Test: unreliable net, snapshots, many clients (3B) ...
  ... Passed --  16.0  5  6212 1182
Test: unreliable net, restarts, snapshots, many clients (3B) ...
  ... Passed --  19.8  5  5413 1129
Test: unreliable net, restarts, partitions, snapshots, many clients (3B) ...
  ... Passed --  26.8  5  6913  873
Test: unreliable net, restarts, partitions, snapshots, random keys, many clients (3B) ...
  ... Passed --  30.8  7 16345 1956
PASS
ok  	6.824/kvraft	195.089s
Test 10
Test: InstallSnapshot RPC (3B) ...
labgob warning: Decoding into a non-default variable/field Err may not work
  ... Passed --   3.8  3  1947   63
Test: snapshot size is reasonable (3B) ...
  ... Passed --  26.1  3  3959  800
Test: ops complete fast enough (3B) ...
  ... Passed --  32.7  3  4763    0
Test: restarts, snapshots, one client (3B) ...
  ... Passed --  18.4  5  6473  463
Test: restarts, snapshots, many clients (3B) ...
  ... Passed --  20.3  5 42544 9258
Test: unreliable net, snapshots, many clients (3B) ...
  ... Passed --  16.8  5  5772 1204
Test: unreliable net, restarts, snapshots, many clients (3B) ...
  ... Passed --  20.2  5  6128 1155
Test: unreliable net, restarts, partitions, snapshots, many clients (3B) ...
  ... Passed --  27.2  5  6827  968
Test: unreliable net, restarts, partitions, snapshots, random keys, many clients (3B) ...
  ... Passed --  31.4  7 15358 2035
PASS
ok  	6.824/kvraft	197.007s
Test 11
Test: InstallSnapshot RPC (3B) ...
labgob warning: Decoding into a non-default variable/field Err may not work
  ... Passed --   3.9  3  2205   63
Test: snapshot size is reasonable (3B) ...
  ... Passed --  26.0  3  3925  800
Test: ops complete fast enough (3B) ...
  ... Passed --  32.6  3  4658    0
Test: restarts, snapshots, one client (3B) ...
  ... Passed --  18.4  5  7314  465
Test: restarts, snapshots, many clients (3B) ...
  ... Passed --  20.3  5 42453 9245
Test: unreliable net, snapshots, many clients (3B) ...
  ... Passed --  16.2  5  6938 1448
Test: unreliable net, restarts, snapshots, many clients (3B) ...
  ... Passed --  19.7  5  6233 1312
Test: unreliable net, restarts, partitions, snapshots, many clients (3B) ...
  ... Passed --  26.9  5  7114  957
Test: unreliable net, restarts, partitions, snapshots, random keys, many clients (3B) ...
  ... Passed --  29.3  7 17436 2009
PASS
ok  	6.824/kvraft	193.291s
Test 12
Test: InstallSnapshot RPC (3B) ...
labgob warning: Decoding into a non-default variable/field Err may not work
  ... Passed --   3.8  3  2244   63
Test: snapshot size is reasonable (3B) ...
  ... Passed --  26.2  3  3948  800
Test: ops complete fast enough (3B) ...
  ... Passed --  32.5  3  4511    0
Test: restarts, snapshots, one client (3B) ...
  ... Passed --  18.9  5  8312  462
Test: restarts, snapshots, many clients (3B) ...
  ... Passed --  20.4  5 50804 9241
Test: unreliable net, snapshots, many clients (3B) ...
  ... Passed --  15.8  5  6570 1339
Test: unreliable net, restarts, snapshots, many clients (3B) ...
  ... Passed --  19.8  5  7106 1297
Test: unreliable net, restarts, partitions, snapshots, many clients (3B) ...
  ... Passed --  26.7  5  5930  631
Test: unreliable net, restarts, partitions, snapshots, random keys, many clients (3B) ...
  ... Passed --  30.1  7 16761 1911
PASS
ok  	6.824/kvraft	194.342s
Test 13
Test: InstallSnapshot RPC (3B) ...
labgob warning: Decoding into a non-default variable/field Err may not work
  ... Passed --   4.0  3  2203   63
Test: snapshot size is reasonable (3B) ...
  ... Passed --  26.2  3  4063  800
Test: ops complete fast enough (3B) ...
  ... Passed --  32.8  3  4768    0
Test: restarts, snapshots, one client (3B) ...
  ... Passed --  18.5  5  6883  465
Test: restarts, snapshots, many clients (3B) ...
  ... Passed --  20.3  5 42517 9224
Test: unreliable net, snapshots, many clients (3B) ...
  ... Passed --  15.8  5  7001 1418
Test: unreliable net, restarts, snapshots, many clients (3B) ...
  ... Passed --  19.9  5  6092 1201
Test: unreliable net, restarts, partitions, snapshots, many clients (3B) ...
  ... Passed --  27.0  5  6391  887
Test: unreliable net, restarts, partitions, snapshots, random keys, many clients (3B) ...
  ... Passed --  30.1  7 16625 2124
PASS
ok  	6.824/kvraft	194.428s
Test 14
Test: InstallSnapshot RPC (3B) ...
labgob warning: Decoding into a non-default variable/field Err may not work
  ... Passed --   4.1  3  2214   63
Test: snapshot size is reasonable (3B) ...
  ... Passed --  26.1  3  4132  800
Test: ops complete fast enough (3B) ...
  ... Passed --  32.7  3  4708    0
Test: restarts, snapshots, one client (3B) ...
  ... Passed --  18.4  5  6419  462
Test: restarts, snapshots, many clients (3B) ...
  ... Passed --  21.0  5 49979 9194
Test: unreliable net, snapshots, many clients (3B) ...
  ... Passed --  15.9  5  6311 1329
Test: unreliable net, restarts, snapshots, many clients (3B) ...
  ... Passed --  21.9  5  6423 1204
Test: unreliable net, restarts, partitions, snapshots, many clients (3B) ...
  ... Passed --  26.9  5  6447  456
Test: unreliable net, restarts, partitions, snapshots, random keys, many clients (3B) ...
  ... Passed --  31.0  7 17549 2366
PASS
ok  	6.824/kvraft	198.087s
Test 15
Test: InstallSnapshot RPC (3B) ...
labgob warning: Decoding into a non-default variable/field Err may not work
  ... Passed --   3.9  3  1952   63
Test: snapshot size is reasonable (3B) ...
  ... Passed --  26.1  3  4290  800
Test: ops complete fast enough (3B) ...
  ... Passed --  32.8  3  4736    0
Test: restarts, snapshots, one client (3B) ...
  ... Passed --  18.5  5  6293  463
Test: restarts, snapshots, many clients (3B) ...
  ... Passed --  20.3  5 42951 9255
Test: unreliable net, snapshots, many clients (3B) ...
